Время синтаксического анализа и компиляции SQL Server: 
 время ЦП = 0 мс, истекшее время = 0 мс.

 Время работы SQL Server:
   Время ЦП = 0 мс, затраченное время = 0 мс.
Время синтаксического анализа и компиляции SQL Server: 
 время ЦП = 15 мс, истекшее время = 17 мс.

 Время работы SQL Server:
   Время ЦП = 0 мс, затраченное время = 0 мс.
Время синтаксического анализа и компиляции SQL Server: 
 время ЦП = 12 мс, истекшее время = 12 мс.
Таблица "InvoiceLines". Сканирований 2, логических операций чтения 0, физических операций чтения 0, операций чтения страничного сервера 0, операций чтения, выполненных с упреждением 0, операций чтения страничного сервера, выполненных с упреждением 0, логических операций чтения LOB 342, физических операций чтения LOB 3, операций чтения LOB страничного сервера 0, операций чтения LOB, выполненных с упреждением 783, операций чтения LOB страничного сервера, выполненных с упреждением 0.
Таблица "InvoiceLines". Считано сегментов 1, пропущено 0.
Таблица "Invoices". Сканирований 1, логических операций чтения 11400, физических операций чтения 0, операций чтения страничного сервера 0, операций чтения, выполненных с упреждением 0, операций чтения страничного сервера, выполненных с упреждением 0, логических операций чтения LOB 0, физических операций чтения LOB 0, операций чтения LOB страничного сервера 0, операций чтения LOB, выполненных с упреждением 0, операций чтения LOB страничного сервера, выполненных с упреждением 0.
Таблица "#ADAC7EFB". Сканирований 0, логических операций чтения 227, физических операций чтения 0, операций чтения страничного сервера 0, операций чтения, выполненных с упреждением 0, операций чтения страничного сервера, выполненных с упреждением 0, логических операций чтения LOB 0, физических операций чтения LOB 0, операций чтения LOB страничного сервера 0, операций чтения LOB, выполненных с упреждением 0, операций чтения LOB страничного сервера, выполненных с упреждением 0.

(227 rows affected)

(1 row affected)

 Время работы SQL Server:
   Время ЦП = 109 мс, затраченное время = 134 мс.
Время синтаксического анализа и компиляции SQL Server: 
 время ЦП = 15 мс, истекшее время = 15 мс.
Таблица "InvoiceLines". Сканирований 2, логических операций чтения 0, физических операций чтения 0, операций чтения страничного сервера 0, операций чтения, выполненных с упреждением 0, операций чтения страничного сервера, выполненных с упреждением 0, логических операций чтения LOB 157, физических операций чтения LOB 0, операций чтения LOB страничного сервера 0, операций чтения LOB, выполненных с упреждением 0, операций чтения LOB страничного сервера, выполненных с упреждением 0.
Таблица "InvoiceLines". Считано сегментов 1, пропущено 0.
Таблица "Invoices". Сканирований 1, логических операций чтения 11400, физических операций чтения 0, операций чтения страничного сервера 0, операций чтения, выполненных с упреждением 0, операций чтения страничного сервера, выполненных с упреждением 0, логических операций чтения LOB 0, физических операций чтения LOB 0, операций чтения LOB страничного сервера 0, операций чтения LOB, выполненных с упреждением 0, операций чтения LOB страничного сервера, выполненных с упреждением 0.
Таблица "#AEA0A334". Сканирований 0, логических операций чтения 664, физических операций чтения 0, операций чтения страничного сервера 0, операций чтения, выполненных с упреждением 0, операций чтения страничного сервера, выполненных с упреждением 0, логических операций чтения LOB 0, физических операций чтения LOB 0, операций чтения LOB страничного сервера 0, операций чтения LOB, выполненных с упреждением 0, операций чтения LOB страничного сервера, выполненных с упреждением 0.

(663 rows affected)

(1 row affected)

 Время работы SQL Server:
   Время ЦП = 62 мс, затраченное время = 231 мс.
Время синтаксического анализа и компиляции SQL Server: 
 время ЦП = 453 мс, истекшее время = 498 мс.

(29458 rows affected)
Таблица "InvoiceLines". Сканирований 2, логических операций чтения 0, физических операций чтения 0, операций чтения страничного сервера 0, операций чтения, выполненных с упреждением 0, операций чтения страничного сервера, выполненных с упреждением 0, логических операций чтения LOB 162, физических операций чтения LOB 0, операций чтения LOB страничного сервера 0, операций чтения LOB, выполненных с упреждением 0, операций чтения LOB страничного сервера, выполненных с упреждением 0.
Таблица "InvoiceLines". Считано сегментов 1, пропущено 0.
Таблица "OrderLines". Сканирований 3, логических операций чтения 407, физических операций чтения 1, операций чтения страничного сервера 0, операций чтения, выполненных с упреждением 405, операций чтения страничного сервера, выполненных с упреждением 0, логических операций чтения LOB 164, физических операций чтения LOB 0, операций чтения LOB страничного сервера 0, операций чтения LOB, выполненных с упреждением 0, операций чтения LOB страничного сервера, выполненных с упреждением 0.
Таблица "OrderLines". Считано сегментов 1, пропущено 0.
Таблица "Orders". Сканирований 1, логических операций чтения 138, физических операций чтения 1, операций чтения страничного сервера 0, операций чтения, выполненных с упреждением 136, операций чтения страничного сервера, выполненных с упреждением 0, логических операций чтения LOB 0, физических операций чтения LOB 0, операций чтения LOB страничного сервера 0, операций чтения LOB, выполненных с упреждением 0, операций чтения LOB страничного сервера, выполненных с упреждением 0.
Таблица "Invoices". Сканирований 1, логических операций чтения 11400, физических операций чтения 0, операций чтения страничного сервера 0, операций чтения, выполненных с упреждением 0, операций чтения страничного сервера, выполненных с упреждением 0, логических операций чтения LOB 0, физических операций чтения LOB 0, операций чтения LOB страничного сервера 0, операций чтения LOB, выполненных с упреждением 0, операций чтения LOB страничного сервера, выполненных с упреждением 0.
Таблица "People". Сканирований 1, логических операций чтения 11, физических операций чтения 1, операций чтения страничного сервера 0, операций чтения, выполненных с упреждением 9, операций чтения страничного сервера, выполненных с упреждением 0, логических операций чтения LOB 0, физических операций чтения LOB 0, операций чтения LOB страничного сервера 0, операций чтения LOB, выполненных с упреждением 0, операций чтения LOB страничного сервера, выполненных с упреждением 0.
Таблица "StockItems". Сканирований 1, логических операций чтения 6, физических операций чтения 0, операций чтения страничного сервера 0, операций чтения, выполненных с упреждением 0, операций чтения страничного сервера, выполненных с упреждением 0, логических операций чтения LOB 0, физических операций чтения LOB 0, операций чтения LOB страничного сервера 0, операций чтения LOB, выполненных с упреждением 0, операций чтения LOB страничного сервера, выполненных с упреждением 0.
Таблица "PackageTypes". Сканирований 1, логических операций чтения 2, физических операций чтения 1, операций чтения страничного сервера 0, операций чтения, выполненных с упреждением 0, операций чтения страничного сервера, выполненных с упреждением 0, логических операций чтения LOB 0, физических операций чтения LOB 0, операций чтения LOB страничного сервера 0, операций чтения LOB, выполненных с упреждением 0, операций чтения LOB страничного сервера, выполненных с упреждением 0.
Таблица "Worktable". Сканирований 59752, логических операций чтения 124029, физических операций чтения 0, операций чтения страничного сервера 0, операций чтения, выполненных с упреждением 0, операций чтения страничного сервера, выполненных с упреждением 0, логических операций чтения LOB 0, физических операций чтения LOB 0, операций чтения LOB страничного сервера 0, операций чтения LOB, выполненных с упреждением 0, операций чтения LOB страничного сервера, выполненных с упреждением 0.
Таблица "#AEA0A334". Сканирований 1, логических операций чтения 2, физических операций чтения 0, операций чтения страничного сервера 0, операций чтения, выполненных с упреждением 0, операций чтения страничного сервера, выполненных с упреждением 0, логических операций чтения LOB 0, физических операций чтения LOB 0, операций чтения LOB страничного сервера 0, операций чтения LOB, выполненных с упреждением 0, операций чтения LOB страничного сервера, выполненных с упреждением 0.
Таблица "#ADAC7EFB". Сканирований 1, логических операций чтения 1, физических операций чтения 0, операций чтения страничного сервера 0, операций чтения, выполненных с упреждением 0, операций чтения страничного сервера, выполненных с упреждением 0, логических операций чтения LOB 0, физических операций чтения LOB 0, операций чтения LOB страничного сервера 0, операций чтения LOB, выполненных с упреждением 0, операций чтения LOB страничного сервера, выполненных с упреждением 0.
Таблица "Worktable". Сканирований 0, логических операций чтения 0, физических операций чтения 0, операций чтения страничного сервера 0, операций чтения, выполненных с упреждением 0, операций чтения страничного сервера, выполненных с упреждением 0, логических операций чтения LOB 0, физических операций чтения LOB 0, операций чтения LOB страничного сервера 0, операций чтения LOB, выполненных с упреждением 0, операций чтения LOB страничного сервера, выполненных с упреждением 0.
Таблица "Customers". Сканирований 2, логических операций чтения 80, физических операций чтения 1, операций чтения страничного сервера 0, операций чтения, выполненных с упреждением 38, операций чтения страничного сервера, выполненных с упреждением 0, логических операций чтения LOB 0, физических операций чтения LOB 0, операций чтения LOB страничного сервера 0, операций чтения LOB, выполненных с упреждением 0, операций чтения LOB страничного сервера, выполненных с упреждением 0.

(1 row affected)

 Время работы SQL Server:
   Время ЦП = 594 мс, затраченное время = 1451 мс.
Время синтаксического анализа и компиляции SQL Server: 
 время ЦП = 0 мс, истекшее время = 0 мс.

 Время работы SQL Server:
   Время ЦП = 0 мс, затраченное время = 0 мс.

Completion time: 2023-01-21T10:24:28.7347866+03:00
